<?xml version="1.0" encoding="UTF-8"?>
<beans xmlns="http://www.springframework.org/schema/beans"
   xmlns:mybatis="http://mybatis.org/schema/mybatis-spring"
   xmlns:xsi="http://www.w3.org/2001/XMLSchema-instance"
   xmlns:context="http://www.springframework.org/schema/context"
   xsi:schemaLocation="
       http://www.springframework.org/schema/beans https://www.springframework.org/schema/beans/spring-beans.xsd
       http://www.springframework.org/schema/context https://www.springframework.org/schema/context/spring-context.xsd
       http://mybatis.org/schema/mybatis-spring http://mybatis.org/schema/mybatis-spring.xsd
   ">

    <context:property-placeholder
            location="classpath*:/META-INF/spring/*.properties" />

    <bean id="exceptionLogger" class="org.terasoluna.gfw.common.exception.ExceptionLogger" />
    
    <bean id="dataSource" class="org.apache.commons.dbcp2.BasicDataSource"
        destroy-method="close">
        <property name="driverClassName" value="${database.driverClassName}" />
        <property name="url" value="${database.url}" />
        <property name="username" value="${database.username}" />
        <property name="password" value="${database.password}" />
        <property name="defaultAutoCommit" value="false" />
        <property name="maxTotal" value="${cp.maxActive}" />
        <property name="maxIdle" value="${cp.maxIdle}" />
        <property name="minIdle" value="${cp.minIdle}" />
        <property name="maxWaitMillis" value="${cp.maxWait}" />
    </bean>
    
    <bean
        id="dataSourceTest"
        class="org.springframework.jdbc.datasource.TransactionAwareDataSourceProxy">
        <constructor-arg ref="dataSource" />
    </bean>

    <bean id="changes" class="org.assertj.db.type.Changes">
      <constructor-arg name="dataSource" ref="dataSourceTest" />
    </bean>
    
    <bean id="sqlSessionFactory" class="org.mybatis.spring.SqlSessionFactoryBean">
        <property name="dataSource" ref="dataSource" />
        <property name="configLocation" value="classpath:/META-INF/mybatis/mybatis-config.xml" />
    </bean>
    
    <bean id="transactionManager"
        class="org.springframework.jdbc.datasource.DataSourceTransactionManager">
        <property name="dataSource" ref="dataSource" />
        <property name="rollbackOnCommitFailure" value="true" />
    </bean>
    
    <mybatis:scan base-package="com.example.todo.domain.repository" />

</beans>
